2025-11-21 02:06:15,267 NanoPlot 1.46.1 started with arguments Namespace(threads=4, verbose=False, store=False, raw=False, huge=False, outdir='SRR29879561_QC_filtered', no_static=False, prefix='', tsv_stats=False, only_report=False, info_in_report=False, maxlength=None, minlength=None, drop_outliers=False, downsample=None, loglength=False, percentqual=False, alength=False, minqual=None, runtime_until=None, readtype='1D', barcoded=False, no_supplementary=False, color='#4CB391', colormap='Greens', format=['png'], plots=['kde', 'dot'], legacy=None, listcolors=False, listcolormaps=False, no_N50=False, N50=False, title=None, font_scale=1, dpi=100, hide_stats=False, fastq=['SRR29879561_filtrado.fastq'], fasta=None, fastq_rich=None, fastq_minimal=None, summary=None, bam=None, ubam=None, cram=None, pickle=None, feather=None, path='SRR29879561_QC_filtered/')
2025-11-21 02:06:15,267 Python version is: 3.13.7 | packaged by Anaconda, Inc. | (main, Sep  9 2025, 19:59:03) [GCC 11.2.0]
2025-11-21 02:06:15,289 Nanoget: Starting to collect statistics from plain fastq file.
2025-11-21 02:06:15,456 Reduced DataFrame memory usage from 0.056842803955078125Mb to 0.056842803955078125Mb
2025-11-21 02:06:15,466 Nanoget: Gathered all metrics of 3717 reads
2025-11-21 02:06:15,484 Calculated statistics
2025-11-21 02:06:15,486 Using sequenced read lengths for plotting.
2025-11-21 02:06:15,488 NanoPlot:  Valid color #4CB391.
2025-11-21 02:06:15,488 NanoPlot:  Valid colormap Greens.
2025-11-21 02:06:15,489 NanoPlot:  Creating length plots for Read length.
2025-11-21 02:06:15,489 NanoPlot:  Using 3717 reads maximum of 1598bp.
2025-11-21 02:06:15,609 Chromium init'ed with kwargs {}
2025-11-21 02:06:15,609 Found chromium path: /home/girlinstem/miniconda3/envs/metagenomica/lib/python3.13/site-packages/choreographer/cli/browser_exe/chrome-linux64/chrome
2025-11-21 02:06:15,610 Temp directory created: /tmp/tmpljcrdqrb.
2025-11-21 02:06:15,611 Opening browser.
2025-11-21 02:06:15,612 Temp directory created: /tmp/tmpnb8jn0lp.
2025-11-21 02:06:15,629 Temporary directory at: /tmp/tmpnb8jn0lp
2025-11-21 02:06:15,692 Closing browser.
2025-11-21 02:06:15,711 TemporaryDirectory.cleanup() worked.
2025-11-21 02:06:15,711 shutil.rmtree worked.
2025-11-21 02:06:15,712 TemporaryDirectory.cleanup() worked.
2025-11-21 02:06:15,712 shutil.rmtree worked.
2025-11-21 02:06:15,712 Cancelling tasks.
2025-11-21 02:06:15,712 Exiting Kaleido/Choreo
2025-11-21 02:06:15,713 No static plots are saved due to an export problem:
2025-11-21 02:06:15,713 It seems like you are running a slim version of your operating system and are missing some common dependencies. The following command should install the required dependencies on most systems:

$ sudo apt update && sudo apt-get install libnss3 libatk-bridge2.0-0 libcups2 libxcomposite1 libxdamage1 libxfixes3 libxrandr2 libgbm1 libxkbcommon0 libpango-1.0-0 libcairo2 libasound2

If you have already run the above command and are still seeing this error, or the above command fails, consult the Kaleido documentation for operating system to install chromium dependencies.

For support, run the command `choreo_diagnose` and create an issue with its output.
2025-11-21 02:06:15,716 TemporaryDirectory.cleanup() worked.
2025-11-21 02:06:15,717 shutil.rmtree worked.
2025-11-21 02:06:15,766 Chromium init'ed with kwargs {}
2025-11-21 02:06:15,766 Found chromium path: /home/girlinstem/miniconda3/envs/metagenomica/lib/python3.13/site-packages/choreographer/cli/browser_exe/chrome-linux64/chrome
2025-11-21 02:06:15,767 Temp directory created: /tmp/tmp9bawr4m2.
2025-11-21 02:06:15,767 Opening browser.
2025-11-21 02:06:15,768 Temp directory created: /tmp/tmphmvdtarm.
2025-11-21 02:06:15,786 Temporary directory at: /tmp/tmphmvdtarm
2025-11-21 02:06:15,847 Closing browser.
2025-11-21 02:06:15,865 TemporaryDirectory.cleanup() worked.
2025-11-21 02:06:15,865 shutil.rmtree worked.
2025-11-21 02:06:15,866 TemporaryDirectory.cleanup() worked.
2025-11-21 02:06:15,866 shutil.rmtree worked.
2025-11-21 02:06:15,866 Cancelling tasks.
2025-11-21 02:06:15,866 Exiting Kaleido/Choreo
2025-11-21 02:06:15,867 No static plots are saved due to an export problem:
2025-11-21 02:06:15,867 It seems like you are running a slim version of your operating system and are missing some common dependencies. The following command should install the required dependencies on most systems:

$ sudo apt update && sudo apt-get install libnss3 libatk-bridge2.0-0 libcups2 libxcomposite1 libxdamage1 libxfixes3 libxrandr2 libgbm1 libxkbcommon0 libpango-1.0-0 libcairo2 libasound2

If you have already run the above command and are still seeing this error, or the above command fails, consult the Kaleido documentation for operating system to install chromium dependencies.

For support, run the command `choreo_diagnose` and create an issue with its output.
2025-11-21 02:06:15,906 TemporaryDirectory.cleanup() worked.
2025-11-21 02:06:15,906 shutil.rmtree worked.
2025-11-21 02:06:15,908 Chromium init'ed with kwargs {}
2025-11-21 02:06:15,908 Found chromium path: /home/girlinstem/miniconda3/envs/metagenomica/lib/python3.13/site-packages/choreographer/cli/browser_exe/chrome-linux64/chrome
2025-11-21 02:06:15,908 Temp directory created: /tmp/tmp14yk7gtf.
2025-11-21 02:06:15,909 Opening browser.
2025-11-21 02:06:15,910 Temp directory created: /tmp/tmp5x1jy894.
2025-11-21 02:06:15,931 Temporary directory at: /tmp/tmp5x1jy894
2025-11-21 02:06:15,994 Closing browser.
2025-11-21 02:06:16,011 TemporaryDirectory.cleanup() worked.
2025-11-21 02:06:16,012 shutil.rmtree worked.
2025-11-21 02:06:16,012 TemporaryDirectory.cleanup() worked.
2025-11-21 02:06:16,013 shutil.rmtree worked.
2025-11-21 02:06:16,013 Cancelling tasks.
2025-11-21 02:06:16,013 Exiting Kaleido/Choreo
2025-11-21 02:06:16,013 No static plots are saved due to an export problem:
2025-11-21 02:06:16,013 It seems like you are running a slim version of your operating system and are missing some common dependencies. The following command should install the required dependencies on most systems:

$ sudo apt update && sudo apt-get install libnss3 libatk-bridge2.0-0 libcups2 libxcomposite1 libxdamage1 libxfixes3 libxrandr2 libgbm1 libxkbcommon0 libpango-1.0-0 libcairo2 libasound2

If you have already run the above command and are still seeing this error, or the above command fails, consult the Kaleido documentation for operating system to install chromium dependencies.

For support, run the command `choreo_diagnose` and create an issue with its output.
2025-11-21 02:06:16,053 Chromium init'ed with kwargs {}
2025-11-21 02:06:16,054 Found chromium path: /home/girlinstem/miniconda3/envs/metagenomica/lib/python3.13/site-packages/choreographer/cli/browser_exe/chrome-linux64/chrome
2025-11-21 02:06:16,055 Temp directory created: /tmp/tmpb4vzv39i.
2025-11-21 02:06:16,056 Opening browser.
2025-11-21 02:06:16,057 Temp directory created: /tmp/tmpnv__xmjy.
2025-11-21 02:06:16,074 Temporary directory at: /tmp/tmpnv__xmjy
2025-11-21 02:06:16,148 Closing browser.
2025-11-21 02:06:16,186 TemporaryDirectory.cleanup() worked.
2025-11-21 02:06:16,187 shutil.rmtree worked.
2025-11-21 02:06:16,190 TemporaryDirectory.cleanup() worked.
2025-11-21 02:06:16,190 shutil.rmtree worked.
2025-11-21 02:06:16,190 Cancelling tasks.
2025-11-21 02:06:16,191 Exiting Kaleido/Choreo
2025-11-21 02:06:16,192 No static plots are saved due to an export problem:
2025-11-21 02:06:16,192 It seems like you are running a slim version of your operating system and are missing some common dependencies. The following command should install the required dependencies on most systems:

$ sudo apt update && sudo apt-get install libnss3 libatk-bridge2.0-0 libcups2 libxcomposite1 libxdamage1 libxfixes3 libxrandr2 libgbm1 libxkbcommon0 libpango-1.0-0 libcairo2 libasound2

If you have already run the above command and are still seeing this error, or the above command fails, consult the Kaleido documentation for operating system to install chromium dependencies.

For support, run the command `choreo_diagnose` and create an issue with its output.
2025-11-21 02:06:16,192 NanoPlot: Creating yield by minimal length plot for Read length.
2025-11-21 02:06:16,202 TemporaryDirectory.cleanup() worked.
2025-11-21 02:06:16,203 shutil.rmtree worked.
2025-11-21 02:06:16,272 TemporaryDirectory.cleanup() worked.
2025-11-21 02:06:16,273 shutil.rmtree worked.
2025-11-21 02:06:16,452 Chromium init'ed with kwargs {}
2025-11-21 02:06:16,452 Found chromium path: /home/girlinstem/miniconda3/envs/metagenomica/lib/python3.13/site-packages/choreographer/cli/browser_exe/chrome-linux64/chrome
2025-11-21 02:06:16,454 Temp directory created: /tmp/tmp9dqirzk0.
2025-11-21 02:06:16,454 Opening browser.
2025-11-21 02:06:16,456 Temp directory created: /tmp/tmphizg8pbu.
2025-11-21 02:06:16,475 Temporary directory at: /tmp/tmphizg8pbu
2025-11-21 02:06:16,538 Closing browser.
2025-11-21 02:06:16,558 TemporaryDirectory.cleanup() worked.
2025-11-21 02:06:16,559 shutil.rmtree worked.
2025-11-21 02:06:16,561 TemporaryDirectory.cleanup() worked.
2025-11-21 02:06:16,561 shutil.rmtree worked.
2025-11-21 02:06:16,561 Cancelling tasks.
2025-11-21 02:06:16,562 Exiting Kaleido/Choreo
2025-11-21 02:06:16,563 No static plots are saved due to an export problem:
2025-11-21 02:06:16,563 It seems like you are running a slim version of your operating system and are missing some common dependencies. The following command should install the required dependencies on most systems:

$ sudo apt update && sudo apt-get install libnss3 libatk-bridge2.0-0 libcups2 libxcomposite1 libxdamage1 libxfixes3 libxrandr2 libgbm1 libxkbcommon0 libpango-1.0-0 libcairo2 libasound2

If you have already run the above command and are still seeing this error, or the above command fails, consult the Kaleido documentation for operating system to install chromium dependencies.

For support, run the command `choreo_diagnose` and create an issue with its output.
2025-11-21 02:06:16,563 Created length plots
2025-11-21 02:06:16,564 NanoPlot: Creating Read lengths vs Average read quality plots using 3717 reads.
2025-11-21 02:06:16,582 TemporaryDirectory.cleanup() worked.
2025-11-21 02:06:16,583 shutil.rmtree worked.
2025-11-21 02:06:16,684 Chromium init'ed with kwargs {}
2025-11-21 02:06:16,684 Found chromium path: /home/girlinstem/miniconda3/envs/metagenomica/lib/python3.13/site-packages/choreographer/cli/browser_exe/chrome-linux64/chrome
2025-11-21 02:06:16,685 Temp directory created: /tmp/tmph1tmw787.
2025-11-21 02:06:16,685 Opening browser.
2025-11-21 02:06:16,688 Temp directory created: /tmp/tmpc1y0233d.
2025-11-21 02:06:16,707 Temporary directory at: /tmp/tmpc1y0233d
2025-11-21 02:06:16,770 Closing browser.
2025-11-21 02:06:16,791 TemporaryDirectory.cleanup() worked.
2025-11-21 02:06:16,791 shutil.rmtree worked.
2025-11-21 02:06:16,794 TemporaryDirectory.cleanup() worked.
2025-11-21 02:06:16,794 shutil.rmtree worked.
2025-11-21 02:06:16,794 Cancelling tasks.
2025-11-21 02:06:16,794 Exiting Kaleido/Choreo
2025-11-21 02:06:16,795 No static plots are saved due to an export problem:
2025-11-21 02:06:16,795 It seems like you are running a slim version of your operating system and are missing some common dependencies. The following command should install the required dependencies on most systems:

$ sudo apt update && sudo apt-get install libnss3 libatk-bridge2.0-0 libcups2 libxcomposite1 libxdamage1 libxfixes3 libxrandr2 libgbm1 libxkbcommon0 libpango-1.0-0 libcairo2 libasound2

If you have already run the above command and are still seeing this error, or the above command fails, consult the Kaleido documentation for operating system to install chromium dependencies.

For support, run the command `choreo_diagnose` and create an issue with its output.
2025-11-21 02:06:16,847 Chromium init'ed with kwargs {}
2025-11-21 02:06:16,848 Found chromium path: /home/girlinstem/miniconda3/envs/metagenomica/lib/python3.13/site-packages/choreographer/cli/browser_exe/chrome-linux64/chrome
2025-11-21 02:06:16,848 Temp directory created: /tmp/tmp2qls4izx.
2025-11-21 02:06:16,848 Opening browser.
2025-11-21 02:06:16,850 Temp directory created: /tmp/tmpmy3kt_cg.
2025-11-21 02:06:16,866 Temporary directory at: /tmp/tmpmy3kt_cg
2025-11-21 02:06:16,934 Closing browser.
2025-11-21 02:06:16,953 TemporaryDirectory.cleanup() worked.
2025-11-21 02:06:16,953 shutil.rmtree worked.
2025-11-21 02:06:16,954 TemporaryDirectory.cleanup() worked.
2025-11-21 02:06:16,955 shutil.rmtree worked.
2025-11-21 02:06:16,955 Cancelling tasks.
2025-11-21 02:06:16,955 Exiting Kaleido/Choreo
2025-11-21 02:06:16,955 No static plots are saved due to an export problem:
2025-11-21 02:06:16,956 It seems like you are running a slim version of your operating system and are missing some common dependencies. The following command should install the required dependencies on most systems:

$ sudo apt update && sudo apt-get install libnss3 libatk-bridge2.0-0 libcups2 libxcomposite1 libxdamage1 libxfixes3 libxrandr2 libgbm1 libxkbcommon0 libpango-1.0-0 libcairo2 libasound2

If you have already run the above command and are still seeing this error, or the above command fails, consult the Kaleido documentation for operating system to install chromium dependencies.

For support, run the command `choreo_diagnose` and create an issue with its output.
2025-11-21 02:06:16,956 Created LengthvsQual plot
2025-11-21 02:06:16,956 Writing html report.
2025-11-21 02:06:16,962 Finished!
2025-11-21 02:06:17,027 TemporaryDirectory.cleanup() worked.
2025-11-21 02:06:17,027 shutil.rmtree worked.
2025-11-21 02:06:17,027 TemporaryDirectory.cleanup() worked.
2025-11-21 02:06:17,027 shutil.rmtree worked.
