2025-11-21 02:10:49,423 NanoPlot 1.46.1 started with arguments Namespace(threads=4, verbose=False, store=False, raw=False, huge=False, outdir='SRR29879606_QC_filtered', no_static=False, prefix='', tsv_stats=False, only_report=False, info_in_report=False, maxlength=None, minlength=None, drop_outliers=False, downsample=None, loglength=False, percentqual=False, alength=False, minqual=None, runtime_until=None, readtype='1D', barcoded=False, no_supplementary=False, color='#4CB391', colormap='Greens', format=['png'], plots=['kde', 'dot'], legacy=None, listcolors=False, listcolormaps=False, no_N50=False, N50=False, title=None, font_scale=1, dpi=100, hide_stats=False, fastq=['SRR29879606_filtrado.fastq'], fasta=None, fastq_rich=None, fastq_minimal=None, summary=None, bam=None, ubam=None, cram=None, pickle=None, feather=None, path='SRR29879606_QC_filtered/')
2025-11-21 02:10:49,423 Python version is: 3.13.7 | packaged by Anaconda, Inc. | (main, Sep  9 2025, 19:59:03) [GCC 11.2.0]
2025-11-21 02:10:49,446 Nanoget: Starting to collect statistics from plain fastq file.
2025-11-21 02:10:50,403 Reduced DataFrame memory usage from 0.3449745178222656Mb to 0.3449745178222656Mb
2025-11-21 02:10:50,430 Nanoget: Gathered all metrics of 22600 reads
2025-11-21 02:10:50,482 Calculated statistics
2025-11-21 02:10:50,484 Using sequenced read lengths for plotting.
2025-11-21 02:10:50,489 NanoPlot:  Valid color #4CB391.
2025-11-21 02:10:50,490 NanoPlot:  Valid colormap Greens.
2025-11-21 02:10:50,490 NanoPlot:  Creating length plots for Read length.
2025-11-21 02:10:50,491 NanoPlot:  Using 22600 reads maximum of 3635bp.
2025-11-21 02:10:50,648 Chromium init'ed with kwargs {}
2025-11-21 02:10:50,648 Found chromium path: /home/girlinstem/miniconda3/envs/metagenomica/lib/python3.13/site-packages/choreographer/cli/browser_exe/chrome-linux64/chrome
2025-11-21 02:10:50,650 Temp directory created: /tmp/tmpwkvynrmb.
2025-11-21 02:10:50,650 Opening browser.
2025-11-21 02:10:50,654 Temp directory created: /tmp/tmpg7mwmkl0.
2025-11-21 02:10:50,678 Temporary directory at: /tmp/tmpg7mwmkl0
2025-11-21 02:10:50,758 Closing browser.
2025-11-21 02:10:50,776 TemporaryDirectory.cleanup() worked.
2025-11-21 02:10:50,777 shutil.rmtree worked.
2025-11-21 02:10:50,778 TemporaryDirectory.cleanup() worked.
2025-11-21 02:10:50,778 shutil.rmtree worked.
2025-11-21 02:10:50,778 Cancelling tasks.
2025-11-21 02:10:50,778 Exiting Kaleido/Choreo
2025-11-21 02:10:50,779 No static plots are saved due to an export problem:
2025-11-21 02:10:50,779 It seems like you are running a slim version of your operating system and are missing some common dependencies. The following command should install the required dependencies on most systems:

$ sudo apt update && sudo apt-get install libnss3 libatk-bridge2.0-0 libcups2 libxcomposite1 libxdamage1 libxfixes3 libxrandr2 libgbm1 libxkbcommon0 libpango-1.0-0 libcairo2 libasound2

If you have already run the above command and are still seeing this error, or the above command fails, consult the Kaleido documentation for operating system to install chromium dependencies.

For support, run the command `choreo_diagnose` and create an issue with its output.
2025-11-21 02:10:50,785 TemporaryDirectory.cleanup() worked.
2025-11-21 02:10:50,785 shutil.rmtree worked.
2025-11-21 02:10:50,830 Chromium init'ed with kwargs {}
2025-11-21 02:10:50,830 Found chromium path: /home/girlinstem/miniconda3/envs/metagenomica/lib/python3.13/site-packages/choreographer/cli/browser_exe/chrome-linux64/chrome
2025-11-21 02:10:50,831 Temp directory created: /tmp/tmp33al3n9s.
2025-11-21 02:10:50,832 Opening browser.
2025-11-21 02:10:50,835 Temp directory created: /tmp/tmpw1neq2s6.
2025-11-21 02:10:50,855 Temporary directory at: /tmp/tmpw1neq2s6
2025-11-21 02:10:50,920 Closing browser.
2025-11-21 02:10:50,955 TemporaryDirectory.cleanup() worked.
2025-11-21 02:10:50,955 shutil.rmtree worked.
2025-11-21 02:10:50,956 TemporaryDirectory.cleanup() worked.
2025-11-21 02:10:50,956 shutil.rmtree worked.
2025-11-21 02:10:50,956 Cancelling tasks.
2025-11-21 02:10:50,956 Exiting Kaleido/Choreo
2025-11-21 02:10:50,957 No static plots are saved due to an export problem:
2025-11-21 02:10:50,957 It seems like you are running a slim version of your operating system and are missing some common dependencies. The following command should install the required dependencies on most systems:

$ sudo apt update && sudo apt-get install libnss3 libatk-bridge2.0-0 libcups2 libxcomposite1 libxdamage1 libxfixes3 libxrandr2 libgbm1 libxkbcommon0 libpango-1.0-0 libcairo2 libasound2

If you have already run the above command and are still seeing this error, or the above command fails, consult the Kaleido documentation for operating system to install chromium dependencies.

For support, run the command `choreo_diagnose` and create an issue with its output.
2025-11-21 02:10:50,998 TemporaryDirectory.cleanup() worked.
2025-11-21 02:10:50,998 shutil.rmtree worked.
2025-11-21 02:10:51,000 Chromium init'ed with kwargs {}
2025-11-21 02:10:51,000 Found chromium path: /home/girlinstem/miniconda3/envs/metagenomica/lib/python3.13/site-packages/choreographer/cli/browser_exe/chrome-linux64/chrome
2025-11-21 02:10:51,001 Temp directory created: /tmp/tmpktnglzwt.
2025-11-21 02:10:51,001 Opening browser.
2025-11-21 02:10:51,003 Temp directory created: /tmp/tmph5vnrxl9.
2025-11-21 02:10:51,031 Temporary directory at: /tmp/tmph5vnrxl9
2025-11-21 02:10:51,116 Closing browser.
2025-11-21 02:10:51,150 TemporaryDirectory.cleanup() worked.
2025-11-21 02:10:51,150 shutil.rmtree worked.
2025-11-21 02:10:51,151 TemporaryDirectory.cleanup() worked.
2025-11-21 02:10:51,151 shutil.rmtree worked.
2025-11-21 02:10:51,151 Cancelling tasks.
2025-11-21 02:10:51,151 Exiting Kaleido/Choreo
2025-11-21 02:10:51,152 No static plots are saved due to an export problem:
2025-11-21 02:10:51,152 It seems like you are running a slim version of your operating system and are missing some common dependencies. The following command should install the required dependencies on most systems:

$ sudo apt update && sudo apt-get install libnss3 libatk-bridge2.0-0 libcups2 libxcomposite1 libxdamage1 libxfixes3 libxrandr2 libgbm1 libxkbcommon0 libpango-1.0-0 libcairo2 libasound2

If you have already run the above command and are still seeing this error, or the above command fails, consult the Kaleido documentation for operating system to install chromium dependencies.

For support, run the command `choreo_diagnose` and create an issue with its output.
2025-11-21 02:10:51,201 Chromium init'ed with kwargs {}
2025-11-21 02:10:51,201 Found chromium path: /home/girlinstem/miniconda3/envs/metagenomica/lib/python3.13/site-packages/choreographer/cli/browser_exe/chrome-linux64/chrome
2025-11-21 02:10:51,203 Temp directory created: /tmp/tmpr3qs4g49.
2025-11-21 02:10:51,203 Opening browser.
2025-11-21 02:10:51,205 Temp directory created: /tmp/tmpfnbxtr27.
2025-11-21 02:10:51,239 Temporary directory at: /tmp/tmpfnbxtr27
2025-11-21 02:10:51,438 Closing browser.
2025-11-21 02:10:51,471 TemporaryDirectory.cleanup() worked.
2025-11-21 02:10:51,471 shutil.rmtree worked.
2025-11-21 02:10:51,472 TemporaryDirectory.cleanup() worked.
2025-11-21 02:10:51,472 shutil.rmtree worked.
2025-11-21 02:10:51,472 Cancelling tasks.
2025-11-21 02:10:51,472 Exiting Kaleido/Choreo
2025-11-21 02:10:51,473 No static plots are saved due to an export problem:
2025-11-21 02:10:51,473 It seems like you are running a slim version of your operating system and are missing some common dependencies. The following command should install the required dependencies on most systems:

$ sudo apt update && sudo apt-get install libnss3 libatk-bridge2.0-0 libcups2 libxcomposite1 libxdamage1 libxfixes3 libxrandr2 libgbm1 libxkbcommon0 libpango-1.0-0 libcairo2 libasound2

If you have already run the above command and are still seeing this error, or the above command fails, consult the Kaleido documentation for operating system to install chromium dependencies.

For support, run the command `choreo_diagnose` and create an issue with its output.
2025-11-21 02:10:51,473 NanoPlot: Creating yield by minimal length plot for Read length.
2025-11-21 02:10:51,479 TemporaryDirectory.cleanup() worked.
2025-11-21 02:10:51,479 shutil.rmtree worked.
2025-11-21 02:10:51,554 TemporaryDirectory.cleanup() worked.
2025-11-21 02:10:51,555 shutil.rmtree worked.
2025-11-21 02:10:51,726 Chromium init'ed with kwargs {}
2025-11-21 02:10:51,726 Found chromium path: /home/girlinstem/miniconda3/envs/metagenomica/lib/python3.13/site-packages/choreographer/cli/browser_exe/chrome-linux64/chrome
2025-11-21 02:10:51,727 Temp directory created: /tmp/tmpjevw0ucw.
2025-11-21 02:10:51,727 Opening browser.
2025-11-21 02:10:51,729 Temp directory created: /tmp/tmpm8t1zc0h.
2025-11-21 02:10:51,746 Temporary directory at: /tmp/tmpm8t1zc0h
2025-11-21 02:10:51,842 Closing browser.
2025-11-21 02:10:51,861 TemporaryDirectory.cleanup() worked.
2025-11-21 02:10:51,861 shutil.rmtree worked.
2025-11-21 02:10:51,862 TemporaryDirectory.cleanup() worked.
2025-11-21 02:10:51,863 shutil.rmtree worked.
2025-11-21 02:10:51,864 Cancelling tasks.
2025-11-21 02:10:51,864 Exiting Kaleido/Choreo
2025-11-21 02:10:51,865 No static plots are saved due to an export problem:
2025-11-21 02:10:51,865 It seems like you are running a slim version of your operating system and are missing some common dependencies. The following command should install the required dependencies on most systems:

$ sudo apt update && sudo apt-get install libnss3 libatk-bridge2.0-0 libcups2 libxcomposite1 libxdamage1 libxfixes3 libxrandr2 libgbm1 libxkbcommon0 libpango-1.0-0 libcairo2 libasound2

If you have already run the above command and are still seeing this error, or the above command fails, consult the Kaleido documentation for operating system to install chromium dependencies.

For support, run the command `choreo_diagnose` and create an issue with its output.
2025-11-21 02:10:51,865 Created length plots
2025-11-21 02:10:51,867 NanoPlot: Creating Read lengths vs Average read quality plots using 22600 reads.
2025-11-21 02:10:51,888 TemporaryDirectory.cleanup() worked.
2025-11-21 02:10:51,888 shutil.rmtree worked.
2025-11-21 02:10:52,008 Chromium init'ed with kwargs {}
2025-11-21 02:10:52,008 Found chromium path: /home/girlinstem/miniconda3/envs/metagenomica/lib/python3.13/site-packages/choreographer/cli/browser_exe/chrome-linux64/chrome
2025-11-21 02:10:52,009 Temp directory created: /tmp/tmppf1uma13.
2025-11-21 02:10:52,010 Opening browser.
2025-11-21 02:10:52,013 Temp directory created: /tmp/tmp0ien5eln.
2025-11-21 02:10:52,035 Temporary directory at: /tmp/tmp0ien5eln
2025-11-21 02:10:52,104 Closing browser.
2025-11-21 02:10:52,122 TemporaryDirectory.cleanup() worked.
2025-11-21 02:10:52,122 shutil.rmtree worked.
2025-11-21 02:10:52,123 TemporaryDirectory.cleanup() worked.
2025-11-21 02:10:52,123 shutil.rmtree worked.
2025-11-21 02:10:52,123 Cancelling tasks.
2025-11-21 02:10:52,123 Exiting Kaleido/Choreo
2025-11-21 02:10:52,123 No static plots are saved due to an export problem:
2025-11-21 02:10:52,124 It seems like you are running a slim version of your operating system and are missing some common dependencies. The following command should install the required dependencies on most systems:

$ sudo apt update && sudo apt-get install libnss3 libatk-bridge2.0-0 libcups2 libxcomposite1 libxdamage1 libxfixes3 libxrandr2 libgbm1 libxkbcommon0 libpango-1.0-0 libcairo2 libasound2

If you have already run the above command and are still seeing this error, or the above command fails, consult the Kaleido documentation for operating system to install chromium dependencies.

For support, run the command `choreo_diagnose` and create an issue with its output.
2025-11-21 02:10:52,178 Chromium init'ed with kwargs {}
2025-11-21 02:10:52,180 Found chromium path: /home/girlinstem/miniconda3/envs/metagenomica/lib/python3.13/site-packages/choreographer/cli/browser_exe/chrome-linux64/chrome
2025-11-21 02:10:52,181 Temp directory created: /tmp/tmp_flo9c_p.
2025-11-21 02:10:52,182 Opening browser.
2025-11-21 02:10:52,184 Temp directory created: /tmp/tmp76hr7xlc.
2025-11-21 02:10:52,204 Temporary directory at: /tmp/tmp76hr7xlc
2025-11-21 02:10:52,274 Closing browser.
2025-11-21 02:10:52,340 TemporaryDirectory.cleanup() worked.
2025-11-21 02:10:52,340 shutil.rmtree worked.
2025-11-21 02:10:52,341 TemporaryDirectory.cleanup() worked.
2025-11-21 02:10:52,341 shutil.rmtree worked.
2025-11-21 02:10:52,342 Cancelling tasks.
2025-11-21 02:10:52,342 Exiting Kaleido/Choreo
2025-11-21 02:10:52,342 No static plots are saved due to an export problem:
2025-11-21 02:10:52,342 It seems like you are running a slim version of your operating system and are missing some common dependencies. The following command should install the required dependencies on most systems:

$ sudo apt update && sudo apt-get install libnss3 libatk-bridge2.0-0 libcups2 libxcomposite1 libxdamage1 libxfixes3 libxrandr2 libgbm1 libxkbcommon0 libpango-1.0-0 libcairo2 libasound2

If you have already run the above command and are still seeing this error, or the above command fails, consult the Kaleido documentation for operating system to install chromium dependencies.

For support, run the command `choreo_diagnose` and create an issue with its output.
2025-11-21 02:10:52,342 Created LengthvsQual plot
2025-11-21 02:10:52,342 Writing html report.
2025-11-21 02:10:52,356 Finished!
2025-11-21 02:10:52,430 TemporaryDirectory.cleanup() worked.
2025-11-21 02:10:52,431 shutil.rmtree worked.
2025-11-21 02:10:52,431 TemporaryDirectory.cleanup() worked.
2025-11-21 02:10:52,431 shutil.rmtree worked.
